<?xml version="1.0" encoding="UTF-8"?>
<testng-results ignored="0" total="1" passed="1" failed="0" skipped="0">
  <reporter-output>
  </reporter-output>
  <suite started-at="2023-08-31T11:19:34 MST" name="Suite" finished-at="2023-08-31T11:20:03 MST" duration-ms="28761">
    <groups>
    </groups>
    <test started-at="2023-08-31T11:19:34 MST" name="Test" finished-at="2023-08-31T11:20:03 MST" duration-ms="28761">
      <class name="testCases.TC_PriceComparison">
        <test-method is-config="true" signature="setUp(java.lang.String)[pri:0, instance:testCases.TC_PriceComparison@7ec7ffd3]" started-at="2023-08-31T11:19:34 MST" name="setUp" finished-at="2023-08-31T11:19:38 MST" duration-ms="3545" status="PASS">
          <params>
            <param index="0">
              <value>
                <![CDATA[chrome]]>
              </value>
            </param>
          </params>
          <reporter-output>
          </reporter-output>
        </test-method> <!-- setUp -->
        <test-method signature="priceComparisonTest()[pri:0, instance:testCases.TC_PriceComparison@7ec7ffd3]" started-at="2023-08-31T11:19:38 MST" name="priceComparisonTest" finished-at="2023-08-31T11:20:00 MST" duration-ms="22321" status="PASS">
          <reporter-output>
          </reporter-output>
        </test-method> <!-- priceComparisonTest -->
        <test-method is-config="true" signature="tearDown()[pri:0, instance:testCases.TC_PriceComparison@7ec7ffd3]" started-at="2023-08-31T11:20:00 MST" name="tearDown" finished-at="2023-08-31T11:20:03 MST" duration-ms="2459" status="PASS">
          <reporter-output>
          </reporter-output>
        </test-method> <!-- tearDown -->
      </class> <!-- testCases.TC_PriceComparison -->
    </test> <!-- Test -->
  </suite> <!-- Suite -->
</testng-results>
